<?xml version="1.0" encoding="UTF-8"?>
<testsuite xmlns:xsi="http://www.w3.org/2001/XMLSchema-instance" xsi:noNamespaceSchemaLocation="https://maven.apache.org/surefire/maven-surefire-plugin/xsd/surefire-test-report-3.0.xsd" version="3.0" name="management.OrderTest" time="0.601" tests="1" errors="0" skipped="0" failures="0">
  <properties>
[...]
</properties>
  <testcase name="testAddOrder" classname="management.OrderTest" time="0.569">
    <system-out><![CDATA[id: 221213 订单已经创建成功。
]]></system-out>
  </testcase>
</testsuite>